生成启动时间为 2017/9/27 19:15:13。
     1>项目“F:\vsworkspace\CHH_dll\CHH_dll\CHH_dll.vcxproj”在节点 2 上(Rebuild 个目标)。
     1>ClCompile:
         D:\vs2013\VC\bin\CL.exe /c /ZI /nologo /W3 /WX- /sdl /Od /Oy- /D WIN32 /D _DEBUG /D _CONSOLE /D _LIB /D _CRT_SECURE_NO_WARNINGS /D _WINDLL /D _MBCS /Gm /EHsc /RTC1 /MDd /GS /fp:precise /Zc:wchar_t /Zc:forScope /Yc"stdafx.h" /Fp"Debug\CHH_dll.pch" /Fo"Debug\\" /Fd"Debug\vc120.pdb" /Gd /TP /analyze- /errorReport:prompt stdafx.cpp
         stdafx.cpp
         D:\vs2013\VC\bin\CL.exe /c /ZI /nologo /W3 /WX- /sdl /Od /Oy- /D WIN32 /D _DEBUG /D _CONSOLE /D _LIB /D _CRT_SECURE_NO_WARNINGS /D _WINDLL /D _MBCS /Gm /EHsc /RTC1 /MDd /GS /fp:precise /Zc:wchar_t /Zc:forScope /Yu"stdafx.h" /Fp"Debug\CHH_dll.pch" /Fo"Debug\\" /Fd"Debug\vc120.pdb" /Gd /TP /analyze- /errorReport:prompt Ca.cpp Cell.cpp CHH_dll.cpp K.cpp Na.cpp
         Na.cpp
         K.cpp
         CHH_dll.cpp
     1>f:\vsworkspace\chh_dll\chh_dll\chh_dll.cpp(43): warning C4244: “=”: 从“double”转换到“float”，可能丢失数据
     1>f:\vsworkspace\chh_dll\chh_dll\chh_dll.cpp(51): warning C4273: “HH_Entrance”: dll 链接不一致
                 f:\vsworkspace\chh_dll\chh_dll\chh_dll.cpp(14) : 参见“HH_Entrance”的前一个定义
         Cell.cpp
         Ca.cpp
         正在生成代码...
       Link:
         D:\vs2013\VC\bin\link.exe /ERRORREPORT:PROMPT /OUT:"F:\vsworkspace\CHH_dll\Debug\CHH_dll.dll" /INCREMENTAL /NOLOGO kernel32.lib user32.lib gdi32.lib winspool.lib comdlg32.lib advapi32.lib shell32.lib ole32.lib oleaut32.lib uuid.lib odbc32.lib odbccp32.lib /MANIFEST /MANIFESTUAC:"level='asInvoker' uiAccess='false'" /manifest:embed /DEBUG /PDB:"F:\vsworkspace\CHH_dll\Debug\CHH_dll.pdb" /SUBSYSTEM:CONSOLE /TLBID:1 /DYNAMICBASE /NXCOMPAT /IMPLIB:"F:\vsworkspace\CHH_dll\Debug\CHH_dll.lib" /MACHINE:X86 /DLL Debug\Ca.obj
         Debug\Cell.obj
         Debug\CHH_dll.obj
         Debug\K.obj
         Debug\Na.obj
         Debug\stdafx.obj
            正在创建库 F:\vsworkspace\CHH_dll\Debug\CHH_dll.lib 和对象 F:\vsworkspace\CHH_dll\Debug\CHH_dll.exp
         CHH_dll.vcxproj -> F:\vsworkspace\CHH_dll\Debug\CHH_dll.dll
     1>已完成生成项目“F:\vsworkspace\CHH_dll\CHH_dll\CHH_dll.vcxproj”(Rebuild 个目标)的操作。

生成成功。

已用时间 00:00:01.06
