生成启动时间为 2018/1/10 11:12:16。
     1>项目“H:\genetic_algorithm_spike\GA_Spike\GA_Spike\GA_Spike.vcxproj”在节点 2 上(Build 个目标)。
     1>AddCudaCompileDeps:
         D:\vs2013\VC\bin\x86_amd64\cl.exe /E /nologo /showIncludes /TP /D__CUDACC__ /DWIN32 /D_WINDOWS /D_DEBUG /D_MBCS /D_AFXDLL /I"C:\Program Files (x86)\Visual Leak Detector\include" /I"C:\Program Files\NVIDIA GPU Computing Toolkit\CUDA\v7.5\include" /I"C:\Program Files\NVIDIA GPU Computing Toolkit\CUDA\v7.5\bin" /I"C:\Program Files\NVIDIA GPU Computing Toolkit\CUDA\v7.5\include" /I. /FIcuda_runtime.h /c H:\genetic_algorithm_spike\GA_Spike\GA_Spike\GA-shared.cu 
       CudaBuild:
         Compiling CUDA source file GA-shared.cu...
         cmd.exe /C "C:\Users\user\AppData\Local\Temp\tmp906cb9a992b1437eb11babbbc3ad5174.cmd"
         "C:\Program Files\NVIDIA GPU Computing Toolkit\CUDA\v7.5\bin\nvcc.exe" -gencode=arch=compute_20,code=\"sm_20,compute_20\" --use-local-env --cl-version 2013 -ccbin "D:\vs2013\VC\bin\x86_amd64"  -I"C:\Program Files (x86)\Visual Leak Detector\include" -I"C:\Program Files\NVIDIA GPU Computing Toolkit\CUDA\v7.5\include" -I"C:\Program Files\NVIDIA GPU Computing Toolkit\CUDA\v7.5\include"  -G   --keep-dir x64\Debug -maxrregcount=0  --machine 64 --compile -cudart static  -g   -DWIN32 -D_WINDOWS -D_DEBUG -D_MBCS -D_AFXDLL -Xcompiler "/EHsc /W3 /nologo /Od /Zi /RTC1 /MDd /GR" -o x64\Debug\GA-shared.cu.obj "H:\genetic_algorithm_spike\GA_Spike\GA_Spike\GA-shared.cu"
         
         H:\genetic_algorithm_spike\GA_Spike\GA_Spike>"C:\Program Files\NVIDIA GPU Computing Toolkit\CUDA\v7.5\bin\nvcc.exe" -gencode=arch=compute_20,code=\"sm_20,compute_20\" --use-local-env --cl-version 2013 -ccbin "D:\vs2013\VC\bin\x86_amd64"  -I"C:\Program Files (x86)\Visual Leak Detector\include" -I"C:\Program Files\NVIDIA GPU Computing Toolkit\CUDA\v7.5\include" -I"C:\Program Files\NVIDIA GPU Computing Toolkit\CUDA\v7.5\include"  -G   --keep-dir x64\Debug -maxrregcount=0  --machine 64 --compile -cudart static  -g   -DWIN32 -D_WINDOWS -D_DEBUG -D_MBCS -D_AFXDLL -Xcompiler "/EHsc /W3 /nologo /Od /Zi /RTC1 /MDd /GR" -o x64\Debug\GA-shared.cu.obj "H:\genetic_algorithm_spike\GA_Spike\GA_Spike\GA-shared.cu" 
     1>c:\program files\nvidia gpu computing toolkit\cuda\v7.5\include\math_functions.h : warning C4819: 该文件包含不能在当前代码页(936)中表示的字符。请将该文件保存为 Unicode 格式以防止数据丢失
     1>c:\program files\nvidia gpu computing toolkit\cuda\v7.5\include\math_functions.h(859): warning C4819: 该文件包含不能在当前代码页(936)中表示的字符。请将该文件保存为 Unicode 格式以防止数据丢失
     1>c:\program files\nvidia gpu computing toolkit\cuda\v7.5\include\math_functions.h(1807): warning C4819: 该文件包含不能在当前代码页(936)中表示的字符。请将该文件保存为 Unicode 格式以防止数据丢失
     1>c:\program files\nvidia gpu computing toolkit\cuda\v7.5\include\math_functions.h(2657): warning C4819: 该文件包含不能在当前代码页(936)中表示的字符。请将该文件保存为 Unicode 格式以防止数据丢失
     1>c:\program files\nvidia gpu computing toolkit\cuda\v7.5\include\math_functions.h(3541): warning C4819: 该文件包含不能在当前代码页(936)中表示的字符。请将该文件保存为 Unicode 格式以防止数据丢失
     1>c:\program files\nvidia gpu computing toolkit\cuda\v7.5\include\math_functions.h(4492): warning C4819: 该文件包含不能在当前代码页(936)中表示的字符。请将该文件保存为 Unicode 格式以防止数据丢失
     1>c:\program files\nvidia gpu computing toolkit\cuda\v7.5\include\math_functions.h(5412): warning C4819: 该文件包含不能在当前代码页(936)中表示的字符。请将该文件保存为 Unicode 格式以防止数据丢失
     1>c:\program files\nvidia gpu computing toolkit\cuda\v7.5\include\math_functions.h(6320): warning C4819: 该文件包含不能在当前代码页(936)中表示的字符。请将该文件保存为 Unicode 格式以防止数据丢失
     1>c:\program files\nvidia gpu computing toolkit\cuda\v7.5\include\math_functions.h(7195): warning C4819: 该文件包含不能在当前代码页(936)中表示的字符。请将该文件保存为 Unicode 格式以防止数据丢失
     1>c:\program files\nvidia gpu computing toolkit\cuda\v7.5\include\math_functions.h(8066): warning C4819: 该文件包含不能在当前代码页(936)中表示的字符。请将该文件保存为 Unicode 格式以防止数据丢失
     1>c:\program files\nvidia gpu computing toolkit\cuda\v7.5\include\device_functions.h : warning C4819: 该文件包含不能在当前代码页(936)中表示的字符。请将该文件保存为 Unicode 格式以防止数据丢失
     1>c:\program files\nvidia gpu computing toolkit\cuda\v7.5\include\device_functions.h(775): warning C4819: 该文件包含不能在当前代码页(936)中表示的字符。请将该文件保存为 Unicode 格式以防止数据丢失
     1>c:\program files\nvidia gpu computing toolkit\cuda\v7.5\include\device_functions.h(1621): warning C4819: 该文件包含不能在当前代码页(936)中表示的字符。请将该文件保存为 Unicode 格式以防止数据丢失
     1>c:\program files\nvidia gpu computing toolkit\cuda\v7.5\include\device_double_functions.h : warning C4819: 该文件包含不能在当前代码页(936)中表示的字符。请将该文件保存为 Unicode 格式以防止数据丢失
     1>c:\program files\nvidia gpu computing toolkit\cuda\v7.5\include\sm_20_intrinsics.h : warning C4819: 该文件包含不能在当前代码页(936)中表示的字符。请将该文件保存为 Unicode 格式以防止数据丢失
     1>c:\program files\nvidia gpu computing toolkit\cuda\v7.5\include\sm_20_intrinsics.h(943): warning C4819: 该文件包含不能在当前代码页(936)中表示的字符。请将该文件保存为 Unicode 格式以防止数据丢失
     1>h:\genetic_algorithm_spike\ga_spike\ga_spike\constants.h(18): warning C4005: “CLOCKS_PER_SEC”: 宏重定义
     1>h:\genetic_algorithm_spike\ga_spike\ga_spike\constants.h(200): warning : variable "size" was declared but never referenced
     1>H:/genetic_algorithm_spike/GA_Spike/GA_Spike/GA-shared.cu(345): warning : variable "A" was declared but never referenced
     1>c:\program files\nvidia gpu computing toolkit\cuda\v7.5\include\math_functions.h : warning C4819: 该文件包含不能在当前代码页(936)中表示的字符。请将该文件保存为 Unicode 格式以防止数据丢失
     1>c:\program files\nvidia gpu computing toolkit\cuda\v7.5\include\math_functions.h(859): warning C4819: 该文件包含不能在当前代码页(936)中表示的字符。请将该文件保存为 Unicode 格式以防止数据丢失
     1>c:\program files\nvidia gpu computing toolkit\cuda\v7.5\include\math_functions.h(1807): warning C4819: 该文件包含不能在当前代码页(936)中表示的字符。请将该文件保存为 Unicode 格式以防止数据丢失
     1>c:\program files\nvidia gpu computing toolkit\cuda\v7.5\include\math_functions.h(2657): warning C4819: 该文件包含不能在当前代码页(936)中表示的字符。请将该文件保存为 Unicode 格式以防止数据丢失
     1>c:\program files\nvidia gpu computing toolkit\cuda\v7.5\include\math_functions.h(3541): warning C4819: 该文件包含不能在当前代码页(936)中表示的字符。请将该文件保存为 Unicode 格式以防止数据丢失
     1>c:\program files\nvidia gpu computing toolkit\cuda\v7.5\include\math_functions.h(4492): warning C4819: 该文件包含不能在当前代码页(936)中表示的字符。请将该文件保存为 Unicode 格式以防止数据丢失
     1>c:\program files\nvidia gpu computing toolkit\cuda\v7.5\include\math_functions.h(5412): warning C4819: 该文件包含不能在当前代码页(936)中表示的字符。请将该文件保存为 Unicode 格式以防止数据丢失
     1>c:\program files\nvidia gpu computing toolkit\cuda\v7.5\include\math_functions.h(6320): warning C4819: 该文件包含不能在当前代码页(936)中表示的字符。请将该文件保存为 Unicode 格式以防止数据丢失
     1>c:\program files\nvidia gpu computing toolkit\cuda\v7.5\include\math_functions.h(7195): warning C4819: 该文件包含不能在当前代码页(936)中表示的字符。请将该文件保存为 Unicode 格式以防止数据丢失
     1>c:\program files\nvidia gpu computing toolkit\cuda\v7.5\include\math_functions.h(8066): warning C4819: 该文件包含不能在当前代码页(936)中表示的字符。请将该文件保存为 Unicode 格式以防止数据丢失
     1>c:\program files\nvidia gpu computing toolkit\cuda\v7.5\include\math_functions.h : warning C4819: 该文件包含不能在当前代码页(936)中表示的字符。请将该文件保存为 Unicode 格式以防止数据丢失
     1>c:\program files\nvidia gpu computing toolkit\cuda\v7.5\include\math_functions.h(859): warning C4819: 该文件包含不能在当前代码页(936)中表示的字符。请将该文件保存为 Unicode 格式以防止数据丢失
     1>c:\program files\nvidia gpu computing toolkit\cuda\v7.5\include\math_functions.h(1807): warning C4819: 该文件包含不能在当前代码页(936)中表示的字符。请将该文件保存为 Unicode 格式以防止数据丢失
     1>c:\program files\nvidia gpu computing toolkit\cuda\v7.5\include\math_functions.h(2657): warning C4819: 该文件包含不能在当前代码页(936)中表示的字符。请将该文件保存为 Unicode 格式以防止数据丢失
     1>c:\program files\nvidia gpu computing toolkit\cuda\v7.5\include\math_functions.h(3541): warning C4819: 该文件包含不能在当前代码页(936)中表示的字符。请将该文件保存为 Unicode 格式以防止数据丢失
     1>c:\program files\nvidia gpu computing toolkit\cuda\v7.5\include\math_functions.h(4492): warning C4819: 该文件包含不能在当前代码页(936)中表示的字符。请将该文件保存为 Unicode 格式以防止数据丢失
     1>c:\program files\nvidia gpu computing toolkit\cuda\v7.5\include\math_functions.h(5412): warning C4819: 该文件包含不能在当前代码页(936)中表示的字符。请将该文件保存为 Unicode 格式以防止数据丢失
     1>c:\program files\nvidia gpu computing toolkit\cuda\v7.5\include\math_functions.h(6320): warning C4819: 该文件包含不能在当前代码页(936)中表示的字符。请将该文件保存为 Unicode 格式以防止数据丢失
     1>c:\program files\nvidia gpu computing toolkit\cuda\v7.5\include\math_functions.h(7195): warning C4819: 该文件包含不能在当前代码页(936)中表示的字符。请将该文件保存为 Unicode 格式以防止数据丢失
     1>c:\program files\nvidia gpu computing toolkit\cuda\v7.5\include\math_functions.h(8066): warning C4819: 该文件包含不能在当前代码页(936)中表示的字符。请将该文件保存为 Unicode 格式以防止数据丢失
     1>c:\program files\nvidia gpu computing toolkit\cuda\v7.5\include\device_functions_decls.h : warning C4819: 该文件包含不能在当前代码页(936)中表示的字符。请将该文件保存为 Unicode 格式以防止数据丢失
     1>c:\program files\nvidia gpu computing toolkit\cuda\v7.5\include\device_functions_decls.h(910): warning C4819: 该文件包含不能在当前代码页(936)中表示的字符。请将该文件保存为 Unicode 格式以防止数据丢失
     1>c:\program files\nvidia gpu computing toolkit\cuda\v7.5\include\device_functions_decls.h(1903): warning C4819: 该文件包含不能在当前代码页(936)中表示的字符。请将该文件保存为 Unicode 格式以防止数据丢失
     1>c:\program files\nvidia gpu computing toolkit\cuda\v7.5\include\device_functions_decls.h(2843): warning C4819: 该文件包含不能在当前代码页(936)中表示的字符。请将该文件保存为 Unicode 格式以防止数据丢失
     1>c:\program files\nvidia gpu computing toolkit\cuda\v7.5\include\device_functions_decls.h(3779): warning C4819: 该文件包含不能在当前代码页(936)中表示的字符。请将该文件保存为 Unicode 格式以防止数据丢失
     1>c:\program files\nvidia gpu computing toolkit\cuda\v7.5\include\device_functions_decls.h(4721): warning C4819: 该文件包含不能在当前代码页(936)中表示的字符。请将该文件保存为 Unicode 格式以防止数据丢失
     1>c:\program files\nvidia gpu computing toolkit\cuda\v7.5\include\device_functions_decls.h(5723): warning C4819: 该文件包含不能在当前代码页(936)中表示的字符。请将该文件保存为 Unicode 格式以防止数据丢失
     1>c:\program files\nvidia gpu computing toolkit\cuda\v7.5\include\device_functions_decls.h(6682): warning C4819: 该文件包含不能在当前代码页(936)中表示的字符。请将该文件保存为 Unicode 格式以防止数据丢失
     1>c:\program files\nvidia gpu computing toolkit\cuda\v7.5\include\device_functions_decls.h(7610): warning C4819: 该文件包含不能在当前代码页(936)中表示的字符。请将该文件保存为 Unicode 格式以防止数据丢失
     1>c:\program files\nvidia gpu computing toolkit\cuda\v7.5\include\device_functions_decls.h(8543): warning C4819: 该文件包含不能在当前代码页(936)中表示的字符。请将该文件保存为 Unicode 格式以防止数据丢失
     1>c:\program files\nvidia gpu computing toolkit\cuda\v7.5\include\device_functions_decls.h(9413): warning C4819: 该文件包含不能在当前代码页(936)中表示的字符。请将该文件保存为 Unicode 格式以防止数据丢失
     1>c:\program files\nvidia gpu computing toolkit\cuda\v7.5\include\device_functions_decls.h(10391): warning C4819: 该文件包含不能在当前代码页(936)中表示的字符。请将该文件保存为 Unicode 格式以防止数据丢失
     1>c:\program files\nvidia gpu computing toolkit\cuda\v7.5\include\device_functions_decls.h(11435): warning C4819: 该文件包含不能在当前代码页(936)中表示的字符。请将该文件保存为 Unicode 格式以防止数据丢失
     1>c:\program files\nvidia gpu computing toolkit\cuda\v7.5\include\device_functions.h : warning C4819: 该文件包含不能在当前代码页(936)中表示的字符。请将该文件保存为 Unicode 格式以防止数据丢失
     1>c:\program files\nvidia gpu computing toolkit\cuda\v7.5\include\device_functions.h(775): warning C4819: 该文件包含不能在当前代码页(936)中表示的字符。请将该文件保存为 Unicode 格式以防止数据丢失
     1>c:\program files\nvidia gpu computing toolkit\cuda\v7.5\include\device_functions.h(1621): warning C4819: 该文件包含不能在当前代码页(936)中表示的字符。请将该文件保存为 Unicode 格式以防止数据丢失
     1>c:\program files\nvidia gpu computing toolkit\cuda\v7.5\include\device_double_functions.h : warning C4819: 该文件包含不能在当前代码页(936)中表示的字符。请将该文件保存为 Unicode 格式以防止数据丢失
     1>c:\program files\nvidia gpu computing toolkit\cuda\v7.5\include\sm_20_intrinsics.h : warning C4819: 该文件包含不能在当前代码页(936)中表示的字符。请将该文件保存为 Unicode 格式以防止数据丢失
     1>c:\program files\nvidia gpu computing toolkit\cuda\v7.5\include\sm_20_intrinsics.h(943): warning C4819: 该文件包含不能在当前代码页(936)中表示的字符。请将该文件保存为 Unicode 格式以防止数据丢失
     1>c:\program files\nvidia gpu computing toolkit\cuda\v7.5\include\math_functions.h : warning C4819: 该文件包含不能在当前代码页(936)中表示的字符。请将该文件保存为 Unicode 格式以防止数据丢失
     1>c:\program files\nvidia gpu computing toolkit\cuda\v7.5\include\math_functions.h(859): warning C4819: 该文件包含不能在当前代码页(936)中表示的字符。请将该文件保存为 Unicode 格式以防止数据丢失
     1>c:\program files\nvidia gpu computing toolkit\cuda\v7.5\include\math_functions.h(1807): warning C4819: 该文件包含不能在当前代码页(936)中表示的字符。请将该文件保存为 Unicode 格式以防止数据丢失
     1>c:\program files\nvidia gpu computing toolkit\cuda\v7.5\include\math_functions.h(2657): warning C4819: 该文件包含不能在当前代码页(936)中表示的字符。请将该文件保存为 Unicode 格式以防止数据丢失
     1>c:\program files\nvidia gpu computing toolkit\cuda\v7.5\include\math_functions.h(3541): warning C4819: 该文件包含不能在当前代码页(936)中表示的字符。请将该文件保存为 Unicode 格式以防止数据丢失
     1>c:\program files\nvidia gpu computing toolkit\cuda\v7.5\include\math_functions.h(4492): warning C4819: 该文件包含不能在当前代码页(936)中表示的字符。请将该文件保存为 Unicode 格式以防止数据丢失
     1>c:\program files\nvidia gpu computing toolkit\cuda\v7.5\include\math_functions.h(5412): warning C4819: 该文件包含不能在当前代码页(936)中表示的字符。请将该文件保存为 Unicode 格式以防止数据丢失
     1>c:\program files\nvidia gpu computing toolkit\cuda\v7.5\include\math_functions.h(6320): warning C4819: 该文件包含不能在当前代码页(936)中表示的字符。请将该文件保存为 Unicode 格式以防止数据丢失
     1>c:\program files\nvidia gpu computing toolkit\cuda\v7.5\include\math_functions.h(7195): warning C4819: 该文件包含不能在当前代码页(936)中表示的字符。请将该文件保存为 Unicode 格式以防止数据丢失
     1>c:\program files\nvidia gpu computing toolkit\cuda\v7.5\include\math_functions.h(8066): warning C4819: 该文件包含不能在当前代码页(936)中表示的字符。请将该文件保存为 Unicode 格式以防止数据丢失
     1>c:\program files\nvidia gpu computing toolkit\cuda\v7.5\include\device_functions.h : warning C4819: 该文件包含不能在当前代码页(936)中表示的字符。请将该文件保存为 Unicode 格式以防止数据丢失
     1>c:\program files\nvidia gpu computing toolkit\cuda\v7.5\include\device_functions.h(775): warning C4819: 该文件包含不能在当前代码页(936)中表示的字符。请将该文件保存为 Unicode 格式以防止数据丢失
     1>c:\program files\nvidia gpu computing toolkit\cuda\v7.5\include\device_functions.h(1621): warning C4819: 该文件包含不能在当前代码页(936)中表示的字符。请将该文件保存为 Unicode 格式以防止数据丢失
     1>c:\program files\nvidia gpu computing toolkit\cuda\v7.5\include\device_double_functions.h : warning C4819: 该文件包含不能在当前代码页(936)中表示的字符。请将该文件保存为 Unicode 格式以防止数据丢失
     1>c:\program files\nvidia gpu computing toolkit\cuda\v7.5\include\sm_20_intrinsics.h : warning C4819: 该文件包含不能在当前代码页(936)中表示的字符。请将该文件保存为 Unicode 格式以防止数据丢失
     1>c:\program files\nvidia gpu computing toolkit\cuda\v7.5\include\sm_20_intrinsics.h(943): warning C4819: 该文件包含不能在当前代码页(936)中表示的字符。请将该文件保存为 Unicode 格式以防止数据丢失
     1>h:\genetic_algorithm_spike\ga_spike\ga_spike\constants.h(18): warning C4005: “CLOCKS_PER_SEC”: 宏重定义
     1>h:\genetic_algorithm_spike\ga_spike\ga_spike\constants.h(200): warning : variable "size" was declared but never referenced
     1>H:/genetic_algorithm_spike/GA_Spike/GA_Spike/GA-shared.cu(345): warning : variable "A" was declared but never referenced
     1>C:\Program Files\NVIDIA GPU Computing Toolkit\CUDA\v7.5\include\thrust/system/cuda/detail/bulk/algorithm/detail/stable_merge_sort.hpp(210): warning C4819: 该文件包含不能在当前代码页(936)中表示的字符。请将该文件保存为 Unicode 格式以防止数据丢失
     1>c:\program files\nvidia gpu computing toolkit\cuda\v7.5\include\math_functions.h : warning C4819: 该文件包含不能在当前代码页(936)中表示的字符。请将该文件保存为 Unicode 格式以防止数据丢失
     1>c:\program files\nvidia gpu computing toolkit\cuda\v7.5\include\math_functions.h(859): warning C4819: 该文件包含不能在当前代码页(936)中表示的字符。请将该文件保存为 Unicode 格式以防止数据丢失
     1>c:\program files\nvidia gpu computing toolkit\cuda\v7.5\include\math_functions.h(1807): warning C4819: 该文件包含不能在当前代码页(936)中表示的字符。请将该文件保存为 Unicode 格式以防止数据丢失
     1>c:\program files\nvidia gpu computing toolkit\cuda\v7.5\include\math_functions.h(2657): warning C4819: 该文件包含不能在当前代码页(936)中表示的字符。请将该文件保存为 Unicode 格式以防止数据丢失
     1>c:\program files\nvidia gpu computing toolkit\cuda\v7.5\include\math_functions.h(3541): warning C4819: 该文件包含不能在当前代码页(936)中表示的字符。请将该文件保存为 Unicode 格式以防止数据丢失
     1>c:\program files\nvidia gpu computing toolkit\cuda\v7.5\include\math_functions.h(4492): warning C4819: 该文件包含不能在当前代码页(936)中表示的字符。请将该文件保存为 Unicode 格式以防止数据丢失
     1>c:\program files\nvidia gpu computing toolkit\cuda\v7.5\include\math_functions.h(5412): warning C4819: 该文件包含不能在当前代码页(936)中表示的字符。请将该文件保存为 Unicode 格式以防止数据丢失
     1>c:\program files\nvidia gpu computing toolkit\cuda\v7.5\include\math_functions.h(6320): warning C4819: 该文件包含不能在当前代码页(936)中表示的字符。请将该文件保存为 Unicode 格式以防止数据丢失
     1>c:\program files\nvidia gpu computing toolkit\cuda\v7.5\include\math_functions.h(7195): warning C4819: 该文件包含不能在当前代码页(936)中表示的字符。请将该文件保存为 Unicode 格式以防止数据丢失
     1>c:\program files\nvidia gpu computing toolkit\cuda\v7.5\include\math_functions.h(8066): warning C4819: 该文件包含不能在当前代码页(936)中表示的字符。请将该文件保存为 Unicode 格式以防止数据丢失
         GA-shared.cu
     1>C:\Program Files\NVIDIA GPU Computing Toolkit\CUDA\v7.5\include\thrust/system/cuda/detail/bulk/execution_policy.hpp(241): warning C4267: “参数”: 从“size_t”转换到“thrust::system::cuda::detail::bulk_::parallel_group<thrust::system::cuda::detail::bulk_::agent<0x01>,0x00>::size_type”，可能丢失数据
     1>C:\Program Files\NVIDIA GPU Computing Toolkit\CUDA\v7.5\include\thrust/system/cuda/detail/bulk/execution_policy.hpp(303): warning C4267: “参数”: 从“size_t”转换到“thrust::system::cuda::detail::bulk_::parallel_group<thrust::system::cuda::detail::bulk_::agent<0x01>,0x00>::size_type”，可能丢失数据
     1>C:\Program Files\NVIDIA GPU Computing Toolkit\CUDA\v7.5\include\thrust/system/cuda/detail/bulk/execution_policy.hpp(319): warning C4267: “参数”: 从“size_t”转换到“thrust::system::cuda::detail::bulk_::parallel_group<thrust::system::cuda::detail::bulk_::agent<0x01>,0x00>::size_type”，可能丢失数据
     1>C:\Program Files\NVIDIA GPU Computing Toolkit\CUDA\v7.5\include\thrust/system/cuda/detail/bulk/execution_policy.hpp(439): warning C4267: “参数”: 从“size_t”转换到“thrust::system::cuda::detail::bulk_::concurrent_group<thrust::system::cuda::detail::bulk_::agent<0x01>,0x00>::size_type”，可能丢失数据
     1>C:\Program Files\NVIDIA GPU Computing Toolkit\CUDA\v7.5\include\thrust/detail/allocator/allocator_traits.h(95): warning C4819: 该文件包含不能在当前代码页(936)中表示的字符。请将该文件保存为 Unicode 格式以防止数据丢失
     1>h:\genetic_algorithm_spike\ga_spike\ga_spike\constants.h(134): warning C4244: “参数”: 从“double”转换到“float”，可能丢失数据
     1>h:\genetic_algorithm_spike\ga_spike\ga_spike\constants.h(142): warning C4244: “参数”: 从“double”转换到“float”，可能丢失数据
     1>h:\genetic_algorithm_spike\ga_spike\ga_spike\constants.h(161): warning C4244: “+=”: 从“double”转换到“float”，可能丢失数据
     1>h:\genetic_algorithm_spike\ga_spike\ga_spike\constants.h(169): warning C4244: “+=”: 从“double”转换到“float”，可能丢失数据
     1>h:\genetic_algorithm_spike\ga_spike\ga_spike\constants.h(179): warning C4244: “-=”: 从“double”转换到“float”，可能丢失数据
     1>h:\genetic_algorithm_spike\ga_spike\ga_spike\constants.h(252): warning C4244: “初始化”: 从“float”转换到“int”，可能丢失数据
     1>h:\genetic_algorithm_spike\ga_spike\ga_spike\constants.h(323): warning C4244: “初始化”: 从“float”转换到“int”，可能丢失数据
     1>h:\genetic_algorithm_spike\ga_spike\ga_spike\constants.h(327): warning C4244: “=”: 从“float”转换到“int”，可能丢失数据
     1>C:\Program Files\NVIDIA GPU Computing Toolkit\CUDA\v7.5\include\thrust/system/cuda/detail/bulk/execution_policy.hpp(250): warning C4267: “参数”: 从“size_t”转换到“thrust::system::cuda::detail::bulk_::parallel_group<thrust::system::cuda::detail::bulk_::concurrent_group<thrust::system::cuda::detail::bulk_::agent<0x01>,0x00>,0x00>::size_type”，可能丢失数据
                 C:\Program Files\NVIDIA GPU Computing Toolkit\CUDA\v7.5\include\thrust/system/cuda/detail/bulk/execution_policy.hpp(625): 参见对正在编译的函数 模板 实例化“thrust::system::cuda::detail::bulk_::parallel_group<thrust::system::cuda::detail::bulk_::concurrent_group<thrust::system::cuda::detail::bulk_::agent<0x01>,0x00>,0x00> thrust::system::cuda::detail::bulk_::par<thrust::system::cuda::detail::bulk_::concurrent_group<thrust::system::cuda::detail::bulk_::agent<0x01>,0x00>>(ExecutionAgent,size_t)”的引用
                 with
                 [
                     ExecutionAgent=thrust::system::cuda::detail::bulk_::concurrent_group<thrust::system::cuda::detail::bulk_::agent<0x01>,0x00>
                 ]
       ClCompile:
         D:\vs2013\VC\bin\x86_amd64\CL.exe /c /I"C:\Program Files (x86)\Visual Leak Detector\include" /I"C:\Program Files\NVIDIA GPU Computing Toolkit\CUDA\v7.5\include" /Zi /nologo /W3 /WX- /sdl /Od /D WIN32 /D _WINDOWS /D _DEBUG /D _MBCS /D _AFXDLL /Gm /EHsc /RTC1 /MDd /GS /fp:precise /Zc:wchar_t /Zc:forScope /GR /Yu"stdafx.h" /Fp"x64\Debug\GA_Spike.pch" /Fo"x64\Debug\\" /Fd"x64\Debug\vc120.pdb" /Gd /TP /errorReport:prompt /D _CRT_SECURE_NO_WARNINGS GA_SpikeDlg.cpp
         GA_SpikeDlg.cpp
     1>GA_SpikeDlg.cpp(365): warning C4244: “参数”: 从“double”转换到“float”，可能丢失数据
     1>GA_SpikeDlg.cpp(373): warning C4244: “参数”: 从“double”转换到“float”，可能丢失数据
     1>GA_SpikeDlg.cpp(421): warning C4267: “参数”: 从“size_t”转换到“unsigned int”，可能丢失数据
     1>GA_SpikeDlg.cpp(422): warning C4267: “参数”: 从“size_t”转换到“unsigned int”，可能丢失数据
     1>GA_SpikeDlg.cpp(523): warning C4267: “=”: 从“size_t”转换到“int”，可能丢失数据
     1>GA_SpikeDlg.cpp(705): warning C4267: “参数”: 从“size_t”转换到“unsigned int”，可能丢失数据
     1>GA_SpikeDlg.cpp(810): warning C4267: “参数”: 从“size_t”转换到“unsigned int”，可能丢失数据
     1>GA_SpikeDlg.cpp(909): warning C4244: “+=”: 从“double”转换到“int”，可能丢失数据
       Link:
         D:\vs2013\VC\bin\x86_amd64\link.exe /ERRORREPORT:PROMPT /OUT:"H:\genetic_algorithm_spike\GA_Spike\x64\Debug\GA_Spike.exe" /INCREMENTAL /NOLOGO /LIBPATH:"C:\Program Files (x86)\Visual Leak Detector\lib\Win64" /LIBPATH:"C:\Program Files\NVIDIA GPU Computing Toolkit\CUDA\v7.5\lib\x64" MatPlot.lib cudart.lib kernel32.lib user32.lib gdi32.lib winspool.lib comdlg32.lib advapi32.lib shell32.lib ole32.lib oleaut32.lib uuid.lib odbc32.lib odbccp32.lib /NODEFAULTLIB:libcmtd.lib /MANIFEST /MANIFESTUAC:"level='asInvoker' uiAccess='false'" /manifest:embed /manifestinput:D:\vs2013\VC\Include\Manifest\dpiaware.manifest /DEBUG /PDB:"H:\genetic_algorithm_spike\GA_Spike\x64\Debug\GA_Spike.pdb" /SUBSYSTEM:WINDOWS /TLBID:1 /DYNAMICBASE /NXCOMPAT /IMPLIB:"H:\genetic_algorithm_spike\GA_Spike\x64\Debug\GA_Spike.lib" /MACHINE:X64 "x64\Debug\GA-shared.cu.obj"
         x64\Debug\GA_Spike.res
         x64\Debug\ChartAxis.obj
         x64\Debug\ChartAxisLabel.obj
         x64\Debug\ChartBarSerie.obj
         x64\Debug\ChartCandlestickSerie.obj
         x64\Debug\ChartCrossHairCursor.obj
         x64\Debug\ChartCtrl.obj
         x64\Debug\ChartCursor.obj
         x64\Debug\ChartDateTimeAxis.obj
         x64\Debug\ChartDragLineCursor.obj
         x64\Debug\ChartFont.obj
         x64\Debug\ChartGanttSerie.obj
         x64\Debug\ChartGradient.obj
         x64\Debug\ChartGrid.obj
         x64\Debug\ChartLegend.obj
         x64\Debug\ChartLineSerie.obj
         x64\Debug\ChartLogarithmicAxis.obj
         x64\Debug\ChartPointsSerie.obj
         x64\Debug\ChartScrollBar.obj
         x64\Debug\ChartSerie.obj
         x64\Debug\ChartStandardAxis.obj
         x64\Debug\ChartSurfaceSerie.obj
         x64\Debug\ChartTitle.obj
         x64\Debug\ChartXYSerie.obj
         x64\Debug\cuda_transfer.obj
         x64\Debug\GA_Spike.obj
         x64\Debug\GA_SpikeDlg.obj
         x64\Debug\ReportCtrl.obj
         x64\Debug\stdafx.obj
         GA_Spike.vcxproj -> H:\genetic_algorithm_spike\GA_Spike\x64\Debug\GA_Spike.exe
     1>已完成生成项目“H:\genetic_algorithm_spike\GA_Spike\GA_Spike\GA_Spike.vcxproj”(Build 个目标)的操作。

生成成功。

已用时间 00:00:20.23
