h:\genetic_algorithm_spike\ga_spike\ga_spike\x64\debug\ga_spike.pch
h:\genetic_algorithm_spike\ga_spike\ga_spike\x64\debug\vc120.pdb
h:\genetic_algorithm_spike\ga_spike\ga_spike\x64\debug\vc120.idb
h:\genetic_algorithm_spike\ga_spike\ga_spike\x64\debug\stdafx.obj
h:\genetic_algorithm_spike\ga_spike\ga_spike\x64\debug\chartdatetimeaxis.obj
h:\genetic_algorithm_spike\ga_spike\ga_spike\x64\debug\chartdraglinecursor.obj
h:\genetic_algorithm_spike\ga_spike\ga_spike\x64\debug\chartfont.obj
h:\genetic_algorithm_spike\ga_spike\ga_spike\x64\debug\chartganttserie.obj
h:\genetic_algorithm_spike\ga_spike\ga_spike\x64\debug\chartgradient.obj
h:\genetic_algorithm_spike\ga_spike\ga_spike\x64\debug\chartgrid.obj
h:\genetic_algorithm_spike\ga_spike\ga_spike\x64\debug\chartlegend.obj
h:\genetic_algorithm_spike\ga_spike\ga_spike\x64\debug\chartlineserie.obj
h:\genetic_algorithm_spike\ga_spike\ga_spike\x64\debug\chartlogarithmicaxis.obj
h:\genetic_algorithm_spike\ga_spike\ga_spike\x64\debug\chartpointsserie.obj
h:\genetic_algorithm_spike\ga_spike\ga_spike\x64\debug\chartscrollbar.obj
h:\genetic_algorithm_spike\ga_spike\ga_spike\x64\debug\chartserie.obj
h:\genetic_algorithm_spike\ga_spike\ga_spike\x64\debug\chartstandardaxis.obj
h:\genetic_algorithm_spike\ga_spike\ga_spike\x64\debug\chartsurfaceserie.obj
h:\genetic_algorithm_spike\ga_spike\ga_spike\x64\debug\charttitle.obj
h:\genetic_algorithm_spike\ga_spike\ga_spike\x64\debug\chartxyserie.obj
h:\genetic_algorithm_spike\ga_spike\ga_spike\x64\debug\cuda_transfer.obj
h:\genetic_algorithm_spike\ga_spike\ga_spike\x64\debug\ga_spike.obj
h:\genetic_algorithm_spike\ga_spike\ga_spike\x64\debug\ga_spikedlg.obj
h:\genetic_algorithm_spike\ga_spike\ga_spike\x64\debug\reportctrl.obj
h:\genetic_algorithm_spike\ga_spike\ga_spike\x64\debug\chartaxis.obj
h:\genetic_algorithm_spike\ga_spike\ga_spike\x64\debug\chartaxislabel.obj
h:\genetic_algorithm_spike\ga_spike\ga_spike\x64\debug\chartbarserie.obj
h:\genetic_algorithm_spike\ga_spike\ga_spike\x64\debug\chartcandlestickserie.obj
h:\genetic_algorithm_spike\ga_spike\ga_spike\x64\debug\chartcrosshaircursor.obj
h:\genetic_algorithm_spike\ga_spike\ga_spike\x64\debug\chartctrl.obj
h:\genetic_algorithm_spike\ga_spike\ga_spike\x64\debug\chartcursor.obj
h:\genetic_algorithm_spike\ga_spike\x64\debug\ga_spike.ilk
h:\genetic_algorithm_spike\ga_spike\x64\debug\ga_spike.exe
h:\genetic_algorithm_spike\ga_spike\x64\debug\ga_spike.pdb
h:\genetic_algorithm_spike\ga_spike\ga_spike\x64\debug\ga_spike.res
h:\genetic_algorithm_spike\ga_spike\ga_spike\x64\debug\ga-shared.cu.cache
h:\genetic_algorithm_spike\ga_spike\ga_spike\x64\debug\ga-shared.cu.obj
h:\genetic_algorithm_spike\ga_spike\ga_spike\x64\debug\ga_spike.tlog\cl.command.1.tlog
h:\genetic_algorithm_spike\ga_spike\ga_spike\x64\debug\ga_spike.tlog\cl.read.1.tlog
h:\genetic_algorithm_spike\ga_spike\ga_spike\x64\debug\ga_spike.tlog\cl.write.1.tlog
h:\genetic_algorithm_spike\ga_spike\ga_spike\x64\debug\ga_spike.tlog\link.command.1.tlog
h:\genetic_algorithm_spike\ga_spike\ga_spike\x64\debug\ga_spike.tlog\link.read.1.tlog
h:\genetic_algorithm_spike\ga_spike\ga_spike\x64\debug\ga_spike.tlog\link.write.1.tlog
h:\genetic_algorithm_spike\ga_spike\ga_spike\x64\debug\ga_spike.tlog\rc.command.1.tlog
h:\genetic_algorithm_spike\ga_spike\ga_spike\x64\debug\ga_spike.tlog\rc.read.1.tlog
h:\genetic_algorithm_spike\ga_spike\ga_spike\x64\debug\ga_spike.tlog\rc.write.1.tlog
