生成启动时间为 2017/11/13 21:36:40。
     1>项目“F:\vsworkspace\CHH_dll\CHH_dll\CHH_dll.vcxproj”在节点 2 上(Rebuild 个目标)。
     1>ClCompile:
         D:\vs2013\VC\bin\x86_amd64\CL.exe /c /I"C:\Program Files (x86)\Visual Leak Detector\include" /Zi /nologo /W3 /WX- /sdl /O2 /Oi /GL /D WIN32 /D NDEBUG /D _CONSOLE /D _LIB /D _WINDLL /D _UNICODE /D UNICODE /Gm- /EHsc /MD /GS /Gy /fp:precise /Zc:wchar_t /Zc:forScope /Yc"stdafx.h" /Fp"x64\Release\CHH_dll.pch" /Fo"x64\Release\\" /Fd"x64\Release\vc120.pdb" /Gd /TP /errorReport:prompt stdafx.cpp
         stdafx.cpp
         D:\vs2013\VC\bin\x86_amd64\CL.exe /c /I"C:\Program Files (x86)\Visual Leak Detector\include" /Zi /nologo /W3 /WX- /sdl /O2 /Oi /GL /D WIN32 /D NDEBUG /D _CONSOLE /D _LIB /D _WINDLL /D _UNICODE /D UNICODE /Gm- /EHsc /MD /GS /Gy /fp:precise /Zc:wchar_t /Zc:forScope /Yu"stdafx.h" /Fp"x64\Release\CHH_dll.pch" /Fo"x64\Release\\" /Fd"x64\Release\vc120.pdb" /Gd /TP /errorReport:prompt Ca.cpp Cell.cpp CHH_dll.cpp K.cpp KM.cpp Kv.cpp Na.cpp
         Ca.cpp
         Cell.cpp
         CHH_dll.cpp
     1>CHH_dll.cpp(68): warning C4244: “=”: 从“double”转换到“float”，可能丢失数据
     1>CHH_dll.cpp(75): warning C4273: “HH_Entrance”: dll 链接不一致
                 CHH_dll.cpp(15) : 参见“HH_Entrance”的前一个定义
         K.cpp
         KM.cpp
         Kv.cpp
         Na.cpp
       Link:
         D:\vs2013\VC\bin\x86_amd64\link.exe /ERRORREPORT:PROMPT /OUT:"F:\vsworkspace\CHH_dll\x64\Release\CHH_dll.dll" /INCREMENTAL:NO /NOLOGO /LIBPATH:"C:\Program Files (x86)\Visual Leak Detector\lib\Win64" kernel32.lib user32.lib gdi32.lib winspool.lib comdlg32.lib advapi32.lib shell32.lib ole32.lib oleaut32.lib uuid.lib odbc32.lib odbccp32.lib /MANIFEST /MANIFESTUAC:"level='asInvoker' uiAccess='false'" /manifest:embed /DEBUG /PDB:"F:\vsworkspace\CHH_dll\x64\Release\CHH_dll.pdb" /SUBSYSTEM:CONSOLE /OPT:REF /OPT:ICF /LTCG /TLBID:1 /DYNAMICBASE /NXCOMPAT /IMPLIB:"F:\vsworkspace\CHH_dll\x64\Release\CHH_dll.lib" /MACHINE:X64 /DLL x64\Release\Ca.obj
         x64\Release\Cell.obj
         x64\Release\CHH_dll.obj
         x64\Release\K.obj
         x64\Release\KM.obj
         x64\Release\Kv.obj
         x64\Release\Na.obj
         x64\Release\stdafx.obj
            正在创建库 F:\vsworkspace\CHH_dll\x64\Release\CHH_dll.lib 和对象 F:\vsworkspace\CHH_dll\x64\Release\CHH_dll.exp
         正在生成代码
         已完成代码的生成
         CHH_dll.vcxproj -> F:\vsworkspace\CHH_dll\x64\Release\CHH_dll.dll
     1>已完成生成项目“F:\vsworkspace\CHH_dll\CHH_dll\CHH_dll.vcxproj”(Rebuild 个目标)的操作。

生成成功。

已用时间 00:00:01.15
