f:\vsworkspace\chh_dll\x64\release\chh_dll.lib
f:\vsworkspace\chh_dll\x64\release\chh_dll.exp
f:\vsworkspace\chh_dll\chh_dll\x64\release\chh_dll.pch
f:\vsworkspace\chh_dll\chh_dll\x64\release\vc120.pdb
f:\vsworkspace\chh_dll\chh_dll\x64\release\stdafx.obj
f:\vsworkspace\chh_dll\chh_dll\x64\release\na.obj
f:\vsworkspace\chh_dll\chh_dll\x64\release\kv.obj
f:\vsworkspace\chh_dll\chh_dll\x64\release\km.obj
f:\vsworkspace\chh_dll\chh_dll\x64\release\k.obj
f:\vsworkspace\chh_dll\chh_dll\x64\release\chh_dll.obj
f:\vsworkspace\chh_dll\chh_dll\x64\release\cell.obj
f:\vsworkspace\chh_dll\chh_dll\x64\release\ca.obj
f:\vsworkspace\chh_dll\x64\release\chh_dll.dll
f:\vsworkspace\chh_dll\x64\release\chh_dll.pdb
f:\vsworkspace\chh_dll\chh_dll\x64\release\chh_dll.tlog\chh_dll.write.1u.tlog
f:\vsworkspace\chh_dll\chh_dll\x64\release\chh_dll.tlog\cl.command.1.tlog
f:\vsworkspace\chh_dll\chh_dll\x64\release\chh_dll.tlog\cl.read.1.tlog
f:\vsworkspace\chh_dll\chh_dll\x64\release\chh_dll.tlog\cl.write.1.tlog
f:\vsworkspace\chh_dll\chh_dll\x64\release\chh_dll.tlog\link.command.1.tlog
f:\vsworkspace\chh_dll\chh_dll\x64\release\chh_dll.tlog\link.read.1.tlog
f:\vsworkspace\chh_dll\chh_dll\x64\release\chh_dll.tlog\link.write.1.tlog
