h:\genetic_algorithm_spike\chh_dll\x64\debug\chh_dll.lib
h:\genetic_algorithm_spike\chh_dll\x64\debug\chh_dll.exp
h:\genetic_algorithm_spike\chh_dll\chh_dll\x64\debug\chh_dll.pch
h:\genetic_algorithm_spike\chh_dll\chh_dll\x64\debug\vc120.pdb
h:\genetic_algorithm_spike\chh_dll\chh_dll\x64\debug\vc120.idb
h:\genetic_algorithm_spike\chh_dll\chh_dll\x64\debug\stdafx.obj
h:\genetic_algorithm_spike\chh_dll\chh_dll\x64\debug\ca.obj
h:\genetic_algorithm_spike\chh_dll\chh_dll\x64\debug\cell.obj
h:\genetic_algorithm_spike\chh_dll\chh_dll\x64\debug\chh_dll.obj
h:\genetic_algorithm_spike\chh_dll\chh_dll\x64\debug\k.obj
h:\genetic_algorithm_spike\chh_dll\chh_dll\x64\debug\km.obj
h:\genetic_algorithm_spike\chh_dll\chh_dll\x64\debug\kv.obj
h:\genetic_algorithm_spike\chh_dll\chh_dll\x64\debug\na.obj
h:\genetic_algorithm_spike\chh_dll\x64\debug\chh_dll.ilk
h:\genetic_algorithm_spike\chh_dll\x64\debug\chh_dll.dll
h:\genetic_algorithm_spike\chh_dll\x64\debug\chh_dll.pdb
h:\genetic_algorithm_spike\chh_dll\chh_dll\x64\debug\chh_dll.tlog\chh_dll.write.1u.tlog
h:\genetic_algorithm_spike\chh_dll\chh_dll\x64\debug\chh_dll.tlog\cl.command.1.tlog
h:\genetic_algorithm_spike\chh_dll\chh_dll\x64\debug\chh_dll.tlog\cl.read.1.tlog
h:\genetic_algorithm_spike\chh_dll\chh_dll\x64\debug\chh_dll.tlog\cl.write.1.tlog
h:\genetic_algorithm_spike\chh_dll\chh_dll\x64\debug\chh_dll.tlog\link.command.1.tlog
h:\genetic_algorithm_spike\chh_dll\chh_dll\x64\debug\chh_dll.tlog\link.read.1.tlog
h:\genetic_algorithm_spike\chh_dll\chh_dll\x64\debug\chh_dll.tlog\link.write.1.tlog
